
Solver will write file: temoa_utopia.lp

[        ] Reading data files.[    0.04
[        ] Creating Temoa model instance.[    0.23
[        ] Solving.[    0.42
[        ] Calculating reporting variables and formatting results.[    1.05
Model name: The Temoa Energy System Model
Objective function value (TotalCost): 37902.2514633
Non-zero variable values:
     56.75475172950841     Costs[V_DiscountedFixedCostsByProcess,E01,1960]
    117.72911673378935     Costs[V_DiscountedFixedCostsByProcess,E01,1970]
    146.74696226450504     Costs[V_DiscountedFixedCostsByProcess,E01,1980]
    633.3541089954466      Costs[V_DiscountedFixedCostsByProcess,E01,2000]
    121.59684282517667     Costs[V_DiscountedFixedCostsByProcess,E01,2010]
    121.0580518367024      Costs[V_DiscountedFixedCostsByProcess,E31,1980]
     36.31741555101072     Costs[V_DiscountedFixedCostsByProcess,E31,1990]
    242.11610367340478     Costs[V_DiscountedFixedCostsByProcess,E51,1980]
     12.161732513466088    Costs[V_DiscountedFixedCostsByProcess,E70,1960]
     19.62798128950049     Costs[V_DiscountedFixedCostsByProcess,E70,1970]
     96.84644146936192     Costs[V_DiscountedFixedCostsByProcess,E70,1980]
     20.26955418911015     Costs[V_DiscountedFixedCostsByProcess,RHO,1970]
     32.71330214916748     Costs[V_DiscountedFixedCostsByProcess,RHO,1980]
    586.480315023538       Costs[V_DiscountedFixedCostsByProcess,RHO,1990]
    102.3707415695009      Costs[V_DiscountedFixedCostsByProcess,RHO,2010]
    429.5199610889197      Costs[V_DiscountedFixedCostsByProcess,RL1,1980]
    214.82441498206686     Costs[V_DiscountedFixedCostsByProcess,RL1,1990]
    593.3573284716448      Costs[V_DiscountedFixedCostsByProcess,RL1,2000]
    546.4048920514205      Costs[V_DiscountedFixedCostsByProcess,RL1,2010]
    168.64269085339643     Costs[V_DiscountedFixedCostsByProcess,TXD,1970]
    136.08733694053672     Costs[V_DiscountedFixedCostsByProcess,TXD,1980]
    542.7593280291827      Costs[V_DiscountedFixedCostsByProcess,TXD,2000]
    632.4185826331761      Costs[V_DiscountedFixedCostsByProcess,TXD,2010]
   1206.443865335836       Costs[V_DiscountedFixedCostsByProcess,TXG,1970]
    942.1431018960235      Costs[V_DiscountedFixedCostsByProcess,TXG,1980]
   1458.0635202677452      Costs[V_DiscountedFixedCostsByProcess,TXG,2000]
    683.5107680874992      Costs[V_DiscountedFixedCostsByProcess,TXG,2010]
    589.398843757695       Costs[V_DiscountedInvestmentByProcess,E01,2000]
     85.03728484136005     Costs[V_DiscountedInvestmentByProcess,E01,2010]
     73.19141448137526     Costs[V_DiscountedInvestmentByProcess,E31,1990]
   1089.5990112753789      Costs[V_DiscountedInvestmentByProcess,RHE,2000]
   3815.1386138613825      Costs[V_DiscountedInvestmentByProcess,RHO,1990]
    665.9363649328158      Costs[V_DiscountedInvestmentByProcess,RHO,2010]
      8.841553178503494    Costs[V_DiscountedInvestmentByProcess,SRE,1990]
   1049.835865308953       Costs[V_DiscountedInvestmentByProcess,TXD,2000]
   1223.259879009328       Costs[V_DiscountedInvestmentByProcess,TXD,2010]
   3055.2915567324662      Costs[V_DiscountedInvestmentByProcess,TXG,2000]
   1432.2590543174545      Costs[V_DiscountedInvestmentByProcess,TXG,2010]
      9.587276053790072    Costs[V_DiscountedVariableCostsByProcess,E01,1960]
      7.536543919360801    Costs[V_DiscountedVariableCostsByProcess,E01,1970]
      9.12127554026875     Costs[V_DiscountedVariableCostsByProcess,E01,1980]
     33.604618529434795    Costs[V_DiscountedVariableCostsByProcess,E01,2000]
      8.14697915275492     Costs[V_DiscountedVariableCostsByProcess,E01,2010]
   7680.428787903146       Costs[V_DiscountedVariableCostsByProcess,IMPDSL1,1990]
   5749.119553187129       Costs[V_DiscountedVariableCostsByProcess,IMPGSL1,1990]
   1416.5977749085264      Costs[V_DiscountedVariableCostsByProcess,IMPHCO1,1990]
      7.0                  Costs[V_UndiscountedFixedCostsByProcess,E01,1960]
     19.25                 Costs[V_UndiscountedFixedCostsByProcess,E01,1970]
     31.5                  Costs[V_UndiscountedFixedCostsByProcess,E01,1980]
    164.63327702793634     Costs[V_UndiscountedFixedCostsByProcess,E01,2000]
     39.7927627083904      Costs[V_UndiscountedFixedCostsByProcess,E01,2010]
     22.5                  Costs[V_UndiscountedFixedCostsByProcess,E31,1980]
      6.75                 Costs[V_UndiscountedFixedCostsByProcess,E31,1990]
     45.0                  Costs[V_UndiscountedFixedCostsByProcess,E51,1980]
      1.5                  Costs[V_UndiscountedFixedCostsByProcess,E70,1960]
      3.0                  Costs[V_UndiscountedFixedCostsByProcess,E70,1970]
     18.0                  Costs[V_UndiscountedFixedCostsByProcess,E70,1980]
      2.5                  Costs[V_UndiscountedFixedCostsByProcess,RHO,1970]
      5.0                  Costs[V_UndiscountedFixedCostsByProcess,RHO,1980]
    109.0039603960395      Costs[V_UndiscountedFixedCostsByProcess,RHO,1990]
     33.5009900990099      Costs[V_UndiscountedFixedCostsByProcess,RHO,2010]
     52.976                Costs[V_UndiscountedFixedCostsByProcess,RL1,1980]
     26.495947194719463    Costs[V_UndiscountedFixedCostsByProcess,RL1,1990]
    119.20792079207921     Costs[V_UndiscountedFixedCostsByProcess,RL1,2000]
    178.8118811881188      Costs[V_UndiscountedFixedCostsByProcess,RL1,2010]
     20.8                  Costs[V_UndiscountedFixedCostsByProcess,TXD,1970]
     20.8                  Costs[V_UndiscountedFixedCostsByProcess,TXD,1980]
    162.24                 Costs[V_UndiscountedFixedCostsByProcess,TXD,2000]
    206.96                 Costs[V_UndiscountedFixedCostsByProcess,TXD,2010]
    148.8                  Costs[V_UndiscountedFixedCostsByProcess,TXG,1970]
    144.0                  Costs[V_UndiscountedFixedCostsByProcess,TXG,1980]
    435.84000000000003     Costs[V_UndiscountedFixedCostsByProcess,TXG,2000]
    223.68                 Costs[V_UndiscountedFixedCostsByProcess,TXG,2010]
   1258.9603537430426      Costs[V_UndiscountedInvestmentByProcess,E01,2000]
    477.5131525006848      Costs[V_UndiscountedInvestmentByProcess,E01,2010]
     90.0                  Costs[V_UndiscountedInvestmentByProcess,E31,1990]
   2085.059405940597       Costs[V_UndiscountedInvestmentByProcess,RHE,2000]
   3633.46534653465        Costs[V_UndiscountedInvestmentByProcess,RHO,1990]
   3350.0990099009896      Costs[V_UndiscountedInvestmentByProcess,RHO,2010]
     10.0                  Costs[V_UndiscountedInvestmentByProcess,SRE,1990]
   1628.64                 Costs[V_UndiscountedInvestmentByProcess,TXD,2000]
   4155.12                 Costs[V_UndiscountedInvestmentByProcess,TXD,2010]
   4739.76                 Costs[V_UndiscountedInvestmentByProcess,TXG,2000]
   4865.04                 Costs[V_UndiscountedInvestmentByProcess,TXG,2010]
      1.182472486116747    Costs[V_UndiscountedVariableCostsByProcess,E01,1960]
      1.3704636015852711   Costs[V_UndiscountedVariableCostsByProcess,E01,1970]
      2.27088              Costs[V_UndiscountedVariableCostsByProcess,E01,1980]
      8.32729221181707     Costs[V_UndiscountedVariableCostsByProcess,E01,2000]
      2.66611205261208     Costs[V_UndiscountedVariableCostsByProcess,E01,2010]
   1614.678111961814       Costs[V_UndiscountedVariableCostsByProcess,IMPDSL1,1990]
   1140.90909090909        Costs[V_UndiscountedVariableCostsByProcess,IMPGSL1,1990]
    329.5254240027324      Costs[V_UndiscountedVariableCostsByProcess,IMPHCO1,1990]
  37902.25146334176        Objective[('TotalCost')]
      0.578040569571079    V_Activity[1990,inter,day,E01,1960]
      0.144587245          V_Activity[1990,inter,day,E31,1980]
      0.0433761735         V_Activity[1990,inter,day,E31,1990]
      0.0739960119289206   V_Activity[1990,inter,day,E51,1980]
      4.75298701298701     V_Activity[1990,inter,day,IMPDSL1,1990]
      3.3195670995671      V_Activity[1990,inter,day,IMPGSL1,1990]
      1.80637677990962     V_Activity[1990,inter,day,IMPHCO1,1990]
      0.5873856828125      V_Activity[1990,inter,day,IMPHYD,1990]
      0.182897384305835    V_Activity[1990,inter,day,RHO,1970]
      0.182897384305835    V_Activity[1990,inter,day,RHO,1980]
      2.65820523138833     V_Activity[1990,inter,day,RHO,1990]
      0.559944             V_Activity[1990,inter,day,RL1,1980]
      0.280056             V_Activity[1990,inter,day,RL1,1990]
      0.06668              V_Activity[1990,inter,day,TXD,1970]
      0.03334              V_Activity[1990,inter,day,TXD,1980]
      0.51677              V_Activity[1990,inter,day,TXG,1970]
      0.25005              V_Activity[1990,inter,day,TXG,1980]
      0.288846907290167    V_Activity[1990,inter,night,E01,1960]
      0.072250255          V_Activity[1990,inter,night,E31,1980]
      0.0216750765         V_Activity[1990,inter,night,E31,1990]
      2.37636363636364     V_Activity[1990,inter,night,IMPDSL1,1990]
      1.65878787878788     V_Activity[1990,inter,night,IMPGSL1,1990]
      0.902646585281773    V_Activity[1990,inter,night,IMPHCO1,1990]
      0.2935166609375      V_Activity[1990,inter,night,IMPHYD,1990]
      0.0914486921529175   V_Activity[1990,inter,night,RHO,1970]
      0.0914486921529175   V_Activity[1990,inter,night,RHO,1980]
      1.32910261569416     V_Activity[1990,inter,night,RHO,1990]
      0.186648             V_Activity[1990,inter,night,RL1,1980]
      0.093352             V_Activity[1990,inter,night,RL1,1990]
      0.03332              V_Activity[1990,inter,night,TXD,1970]
      0.01666              V_Activity[1990,inter,night,TXD,1980]
      0.25823              V_Activity[1990,inter,night,TXG,1970]
      0.12495              V_Activity[1990,inter,night,TXG,1980]
      0.578040569571079    V_Activity[1990,summer,day,E01,1960]
      0.144587245          V_Activity[1990,summer,day,E31,1980]
      0.0433761735         V_Activity[1990,summer,day,E31,1990]
      0.0739960119289206   V_Activity[1990,summer,day,E51,1980]
      0.432987012987013    V_Activity[1990,summer,day,IMPDSL1,1990]
      3.3195670995671      V_Activity[1990,summer,day,IMPGSL1,1990]
      1.80637677990962     V_Activity[1990,summer,day,IMPHCO1,1990]
      0.5873856828125      V_Activity[1990,summer,day,IMPHYD,1990]
      0.559944             V_Activity[1990,summer,day,RL1,1980]
      0.280056             V_Activity[1990,summer,day,RL1,1990]
      0.06668              V_Activity[1990,summer,day,TXD,1970]
      0.03334              V_Activity[1990,summer,day,TXD,1980]
      0.51677              V_Activity[1990,summer,day,TXG,1970]
      0.25005              V_Activity[1990,summer,day,TXG,1980]
      0.288846907290167    V_Activity[1990,summer,night,E01,1960]
      0.072250255          V_Activity[1990,summer,night,E31,1980]
      0.0216750765         V_Activity[1990,summer,night,E31,1990]
      0.216363636363636    V_Activity[1990,summer,night,IMPDSL1,1990]
      1.65878787878788     V_Activity[1990,summer,night,IMPGSL1,1990]
      0.902646585281773    V_Activity[1990,summer,night,IMPHCO1,1990]
      0.2935166609375      V_Activity[1990,summer,night,IMPHYD,1990]
      0.186648             V_Activity[1990,summer,night,RL1,1980]
      0.093352             V_Activity[1990,summer,night,RL1,1990]
      0.03332              V_Activity[1990,summer,night,TXD,1970]
      0.01666              V_Activity[1990,summer,night,TXD,1980]
      0.25823              V_Activity[1990,summer,night,TXG,1970]
      0.12495              V_Activity[1990,summer,night,TXG,1980]
      1.47171948           V_Activity[1990,winter,day,E01,1960]
      0.507573514233912    V_Activity[1990,winter,day,E01,1970]
      0.289087755          V_Activity[1990,winter,day,E31,1980]
      0.0867263265         V_Activity[1990,winter,day,E31,1990]
      0.444892924266088    V_Activity[1990,winter,day,E51,1980]
     20.5469142857143      V_Activity[1990,winter,day,IMPDSL1,1990]
      6.63714285714286     V_Activity[1990,winter,day,IMPGSL1,1990]
      6.18529060698097     V_Activity[1990,winter,day,IMPHCO1,1990]
      1.1744190046875      V_Activity[1990,winter,day,IMPHYD,1990]
      0.83325              V_Activity[1990,winter,day,RHO,1970]
      0.83325              V_Activity[1990,winter,day,RHO,1980]
     12.11034              V_Activity[1990,winter,day,RHO,1990]
      1.86648              V_Activity[1990,winter,day,RL1,1980]
      0.93352              V_Activity[1990,winter,day,RL1,1990]
      0.13332              V_Activity[1990,winter,day,TXD,1970]
      0.06666              V_Activity[1990,winter,day,TXD,1980]
      1.03323              V_Activity[1990,winter,day,TXG,1970]
      0.49995              V_Activity[1990,winter,day,TXG,1980]
      0.73608052           V_Activity[1990,winter,night,E01,1960]
      0.253862900758455    V_Activity[1990,winter,night,E01,1970]
      0.144587245          V_Activity[1990,winter,night,E31,1980]
      0.0433761735         V_Activity[1990,winter,night,E31,1990]
     10.271787012987       V_Activity[1990,winter,night,IMPDSL1,1990]
      3.3195670995671      V_Activity[1990,winter,night,IMPGSL1,1990]
      3.09357318987017     V_Activity[1990,winter,night,IMPHCO1,1990]
      0.5873856828125      V_Activity[1990,winter,night,IMPHYD,1990]
      0.416548792756539    V_Activity[1990,winter,night,RHO,1970]
      0.416548792756539    V_Activity[1990,winter,night,RHO,1980]
      6.05406241448692     V_Activity[1990,winter,night,RHO,1990]
      0.373296             V_Activity[1990,winter,night,RL1,1980]
      0.186704             V_Activity[1990,winter,night,RL1,1990]
      0.06668              V_Activity[1990,winter,night,TXD,1970]
      0.03334              V_Activity[1990,winter,night,TXD,1980]
      0.51677              V_Activity[1990,winter,night,TXG,1970]
      0.25005              V_Activity[1990,winter,night,TXG,1980]
      0.73608052           V_Activity[2000,inter,day,E01,1970]
      0.63092616           V_Activity[2000,inter,day,E01,1980]
      1.2892024464132      V_Activity[2000,inter,day,E01,2000]
      0.144587245          V_Activity[2000,inter,day,E31,1980]
      0.0433761735         V_Activity[2000,inter,day,E31,1990]
      0.110724839392635    V_Activity[2000,inter,day,E51,1980]
      5.32881326051547     V_Activity[2000,inter,day,IMPDSL1,1990]
      4.35873593073593     V_Activity[2000,inter,day,IMPGSL1,1990]
      8.30065352004124     V_Activity[2000,inter,day,IMPHCO1,1990]
      0.5873856828125      V_Activity[2000,inter,day,IMPHYD,1990]
      1.69489738430583     V_Activity[2000,inter,day,RHE,2000]
      0.182897384305835    V_Activity[2000,inter,day,RHO,1980]
      2.65820523138833     V_Activity[2000,inter,day,RHO,1990]
      1.26                 V_Activity[2000,inter,day,RL1,2000]
      0.03334              V_Activity[2000,inter,day,TXD,1980]
      0.260052             V_Activity[2000,inter,day,TXD,2000]
      0.25005              V_Activity[2000,inter,day,TXG,1980]
      0.756818             V_Activity[2000,inter,day,TXG,2000]
      0.36781948           V_Activity[2000,inter,night,E01,1970]
      0.31527384           V_Activity[2000,inter,night,E01,1980]
      0.644214539809355    V_Activity[2000,inter,night,E01,2000]
      0.072250255          V_Activity[2000,inter,night,E31,1980]
      0.0216750765         V_Activity[2000,inter,night,E31,1990]
      2.66402567787679     V_Activity[2000,inter,night,IMPDSL1,1990]
      2.17806060606061     V_Activity[2000,inter,night,IMPGSL1,1990]
      4.14783706190423     V_Activity[2000,inter,night,IMPHCO1,1990]
      0.2935166609375      V_Activity[2000,inter,night,IMPHYD,1990]
      0.847448692152917    V_Activity[2000,inter,night,RHE,2000]
      0.0914486921529175   V_Activity[2000,inter,night,RHO,1980]
      1.32910261569417     V_Activity[2000,inter,night,RHO,1990]
      0.42                 V_Activity[2000,inter,night,RL1,2000]
      0.01666              V_Activity[2000,inter,night,TXD,1980]
      0.129948             V_Activity[2000,inter,night,TXD,2000]
      0.12495              V_Activity[2000,inter,night,TXG,1980]
      0.378182             V_Activity[2000,inter,night,TXG,2000]
      0.330116403606619    V_Activity[2000,summer,day,E01,1970]
      0.63092616           V_Activity[2000,summer,day,E01,1980]
      0.144587245          V_Activity[2000,summer,day,E31,1980]
      0.0433761735         V_Activity[2000,summer,day,E31,1990]
      0.110994017893381    V_Activity[2000,summer,day,E51,1980]
      1.27009523809524     V_Activity[2000,summer,day,IMPDSL1,1990]
      4.35873593073593     V_Activity[2000,summer,day,IMPGSL1,1990]
      3.00325801127068     V_Activity[2000,summer,day,IMPHCO1,1990]
      0.5873856828125      V_Activity[2000,summer,day,IMPHYD,1990]
      1.26                 V_Activity[2000,summer,day,RL1,2000]
      0.03334              V_Activity[2000,summer,day,TXD,1980]
      0.260052             V_Activity[2000,summer,day,TXD,2000]
      0.25005              V_Activity[2000,summer,day,TXG,1980]
      0.756818             V_Activity[2000,summer,day,TXG,2000]
      0.164959186685251    V_Activity[2000,summer,night,E01,1970]
      0.31527384           V_Activity[2000,summer,night,E01,1980]
      0.072250255          V_Activity[2000,summer,night,E31,1980]
      0.0216750765         V_Activity[2000,summer,night,E31,1990]
      0.634666666666667    V_Activity[2000,summer,night,IMPDSL1,1990]
      2.17806060606061     V_Activity[2000,summer,night,IMPGSL1,1990]
      1.50072820839141     V_Activity[2000,summer,night,IMPHCO1,1990]
      0.2935166609375      V_Activity[2000,summer,night,IMPHYD,1990]
      0.42                 V_Activity[2000,summer,night,RL1,2000]
      0.01666              V_Activity[2000,summer,night,TXD,1980]
      0.129948             V_Activity[2000,summer,night,TXD,2000]
      0.12495              V_Activity[2000,summer,night,TXG,1980]
      0.378182             V_Activity[2000,summer,night,TXG,2000]
      1.47171948           V_Activity[2000,winter,day,E01,1970]
      1.26147384           V_Activity[2000,winter,day,E01,1980]
      8.14433616330253     V_Activity[2000,winter,day,E01,2000]
      0.289087755          V_Activity[2000,winter,day,E31,1980]
      0.0867263265         V_Activity[2000,winter,day,E31,1990]
      0.668326435197467    V_Activity[2000,winter,day,E51,1980]
     21.0302714285714      V_Activity[2000,winter,day,IMPDSL1,1990]
      8.71485714285714     V_Activity[2000,winter,day,IMPGSL1,1990]
     33.9922796353204      V_Activity[2000,winter,day,IMPHCO1,1990]
      1.1744190046875      V_Activity[2000,winter,day,IMPHYD,1990]
      7.72167              V_Activity[2000,winter,day,RHE,2000]
      0.83325              V_Activity[2000,winter,day,RHO,1980]
     12.11034              V_Activity[2000,winter,day,RHO,1990]
      4.2                  V_Activity[2000,winter,day,RL1,2000]
      0.06666              V_Activity[2000,winter,day,TXD,1980]
      0.519948             V_Activity[2000,winter,day,TXD,2000]
      0.49995              V_Activity[2000,winter,day,TXG,1980]
      1.513182             V_Activity[2000,winter,day,TXG,2000]
      0.73608052           V_Activity[2000,winter,night,E01,1970]
      0.63092616           V_Activity[2000,winter,night,E01,1980]
      4.07338985425302     V_Activity[2000,winter,night,E01,2000]
      0.144587245          V_Activity[2000,winter,night,E31,1980]
      0.0433761735         V_Activity[2000,winter,night,E31,1990]
     10.5138255341573      V_Activity[2000,winter,night,IMPDSL1,1990]
      4.35873593073593     V_Activity[2000,winter,night,IMPGSL1,1990]
     17.0012391695407      V_Activity[2000,winter,night,IMPHCO1,1990]
      0.5873856828125      V_Activity[2000,winter,night,IMPHYD,1990]
      3.86012879275654     V_Activity[2000,winter,night,RHE,2000]
      0.416548792756539    V_Activity[2000,winter,night,RHO,1980]
      6.05406241448692     V_Activity[2000,winter,night,RHO,1990]
      0.84                 V_Activity[2000,winter,night,RL1,2000]
      0.03334              V_Activity[2000,winter,night,TXD,1980]
      0.260052             V_Activity[2000,winter,night,TXD,2000]
      0.25005              V_Activity[2000,winter,night,TXG,1980]
      0.756818             V_Activity[2000,winter,night,TXG,2000]
      0.63092616           V_Activity[2010,inter,day,E01,1980]
      0.926032959373446    V_Activity[2010,inter,day,E01,2000]
      1.67375299809306     V_Activity[2010,inter,day,E01,2010]
      0.144587245          V_Activity[2010,inter,day,E31,1980]
      0.0433761735         V_Activity[2010,inter,day,E31,1990]
      0.166221848339326    V_Activity[2010,inter,day,E51,1980]
     10.7337483254505      V_Activity[2010,inter,day,IMPDSL1,1990]
      5.001                V_Activity[2010,inter,day,IMPGSL1,1990]
     10.0959753670828      V_Activity[2010,inter,day,IMPHCO1,1990]
      0.5873856828125      V_Activity[2010,inter,day,IMPHYD,1990]
      1.69489738430583     V_Activity[2010,inter,day,RHE,2000]
      2.65820523138833     V_Activity[2010,inter,day,RHO,1990]
      2.45089738430583     V_Activity[2010,inter,day,RHO,2010]
      1.89                 V_Activity[2010,inter,day,RL1,2010]
      0.130026             V_Activity[2010,inter,day,TXD,2000]
      0.663466             V_Activity[2010,inter,day,TXD,2010]
      0.378409             V_Activity[2010,inter,day,TXG,2000]
      0.776822             V_Activity[2010,inter,day,TXG,2010]
      0.31527384           V_Activity[2010,inter,night,E01,1980]
      0.462738725349778    V_Activity[2010,inter,night,E01,2000]
      0.836374473552202    V_Activity[2010,inter,night,E01,2010]
      0.072250255          V_Activity[2010,inter,night,E31,1980]
      0.0216750765         V_Activity[2010,inter,night,E31,1990]
      5.36584385969497     V_Activity[2010,inter,night,IMPDSL1,1990]
      2.499                V_Activity[2010,inter,night,IMPGSL1,1990]
      5.04495949656869     V_Activity[2010,inter,night,IMPHCO1,1990]
      0.2935166609375      V_Activity[2010,inter,night,IMPHYD,1990]
      0.847448692152917    V_Activity[2010,inter,night,RHE,2000]
      1.32910261569416     V_Activity[2010,inter,night,RHO,1990]
      1.22544869215292     V_Activity[2010,inter,night,RHO,2010]
      0.63                 V_Activity[2010,inter,night,RL1,2010]
      0.064974             V_Activity[2010,inter,night,TXD,2000]
      0.331534             V_Activity[2010,inter,night,TXD,2010]
      0.189091             V_Activity[2010,inter,night,TXG,2000]
      0.388178             V_Activity[2010,inter,night,TXG,2010]
      0.63092616           V_Activity[2010,summer,day,E01,1980]
      0.904619394659928    V_Activity[2010,summer,day,E01,2010]
      0.144587245          V_Activity[2010,summer,day,E31,1980]
      0.0433761735         V_Activity[2010,summer,day,E31,1990]
      0.166491026840071    V_Activity[2010,summer,day,E51,1980]
      3.4350303030303      V_Activity[2010,summer,day,IMPDSL1,1990]
      5.001                V_Activity[2010,summer,day,IMPGSL1,1990]
      4.79857985831228     V_Activity[2010,summer,day,IMPHCO1,1990]
      0.5873856828125      V_Activity[2010,summer,day,IMPHYD,1990]
      1.89                 V_Activity[2010,summer,day,RL1,2010]
      0.130026             V_Activity[2010,summer,day,TXD,2000]
      0.663466             V_Activity[2010,summer,day,TXD,2010]
      0.378409             V_Activity[2010,summer,day,TXG,2000]
      0.776822             V_Activity[2010,summer,day,TXG,2010]
      0.31527384           V_Activity[2010,summer,night,E01,1980]
      0.452038365777877    V_Activity[2010,summer,night,E01,2010]
      0.072250255          V_Activity[2010,summer,night,E31,1980]
      0.0216750765         V_Activity[2010,summer,night,E31,1990]
      1.71648484848485     V_Activity[2010,summer,night,IMPDSL1,1990]
      2.499                V_Activity[2010,summer,night,IMPGSL1,1990]
      2.39785064305586     V_Activity[2010,summer,night,IMPHCO1,1990]
      0.2935166609375      V_Activity[2010,summer,night,IMPHYD,1990]
      0.63                 V_Activity[2010,summer,night,RL1,2010]
      0.064974             V_Activity[2010,summer,night,TXD,2000]
      0.331534             V_Activity[2010,summer,night,TXD,2010]
      0.189091             V_Activity[2010,summer,night,TXG,2000]
      0.388178             V_Activity[2010,summer,night,TXG,2010]
      1.26147384           V_Activity[2010,winter,day,E01,1980]
      8.14433616330253     V_Activity[2010,winter,day,E01,2000]
      3.34650194519747     V_Activity[2010,winter,day,E01,2010]
      0.289087755          V_Activity[2010,winter,day,E31,1980]
      0.0867263265         V_Activity[2010,winter,day,E31,1990]
      0.89354397           V_Activity[2010,winter,day,E51,1980]
     40.1197428571428      V_Activity[2010,winter,day,IMPDSL1,1990]
      9.999                V_Activity[2010,winter,day,IMPGSL1,1990]
     39.8509748390625      V_Activity[2010,winter,day,IMPHCO1,1990]
      1.1744190046875      V_Activity[2010,winter,day,IMPHYD,1990]
      7.72167              V_Activity[2010,winter,day,RHE,2000]
     12.11034              V_Activity[2010,winter,day,RHO,1990]
     11.16588              V_Activity[2010,winter,day,RHO,2010]
      6.3                  V_Activity[2010,winter,day,RL1,2010]
      0.259974             V_Activity[2010,winter,day,TXD,2000]
      1.326534             V_Activity[2010,winter,day,TXD,2010]
      0.756591             V_Activity[2010,winter,day,TXG,2000]
      1.553178             V_Activity[2010,winter,day,TXG,2010]
      0.63092616           V_Activity[2010,winter,night,E01,1980]
      4.07338985425302     V_Activity[2010,winter,night,E01,2000]
      1.67375299809306     V_Activity[2010,winter,night,E01,2010]
      0.144587245          V_Activity[2010,winter,night,E31,1980]
      0.0433761735         V_Activity[2010,winter,night,E31,1990]
     20.0578605990924      V_Activity[2010,winter,night,IMPDSL1,1990]
      5.001                V_Activity[2010,winter,night,IMPGSL1,1990]
     19.9314656635815      V_Activity[2010,winter,night,IMPHCO1,1990]
      0.5873856828125      V_Activity[2010,winter,night,IMPHYD,1990]
      3.86012879275654     V_Activity[2010,winter,night,RHE,2000]
      6.05406241448692     V_Activity[2010,winter,night,RHO,1990]
      5.58191879275654     V_Activity[2010,winter,night,RHO,2010]
      1.26                 V_Activity[2010,winter,night,RL1,2010]
      0.130026             V_Activity[2010,winter,night,TXD,2000]
      0.663466             V_Activity[2010,winter,night,TXD,2010]
      0.378409             V_Activity[2010,winter,night,TXG,2000]
      0.776822             V_Activity[2010,winter,night,TXG,2010]
      3.94157495372249     V_ActivityByPeriodAndProcess[1990,E01,1960]
      0.761436414992367    V_ActivityByPeriodAndProcess[1990,E01,1970]
      0.86735              V_ActivityByPeriodAndProcess[1990,E31,1980]
      0.260205             V_ActivityByPeriodAndProcess[1990,E31,1990]
      0.592884948123929    V_ActivityByPeriodAndProcess[1990,E51,1980]
     38.5974025974026      V_ActivityByPeriodAndProcess[1990,IMPDSL1,1990]
     19.9134199134199      V_ActivityByPeriodAndProcess[1990,IMPGSL1,1990]
     14.6969105272339      V_ActivityByPeriodAndProcess[1990,IMPHCO1,1990]
      3.523609375          V_ActivityByPeriodAndProcess[1990,IMPHYD,1990]
      1.52414486921529     V_ActivityByPeriodAndProcess[1990,RHO,1970]
      1.52414486921529     V_ActivityByPeriodAndProcess[1990,RHO,1980]
     22.1517102615694      V_ActivityByPeriodAndProcess[1990,RHO,1990]
      3.73296              V_ActivityByPeriodAndProcess[1990,RL1,1980]
      1.86704              V_ActivityByPeriodAndProcess[1990,RL1,1990]
      0.4                  V_ActivityByPeriodAndProcess[1990,TXD,1970]
      0.2                  V_ActivityByPeriodAndProcess[1990,TXD,1980]
      3.1                  V_ActivityByPeriodAndProcess[1990,TXG,1970]
      1.5                  V_ActivityByPeriodAndProcess[1990,TXG,1980]
      3.80677559029187     V_ActivityByPeriodAndProcess[2000,E01,1970]
      3.7848               V_ActivityByPeriodAndProcess[2000,E01,1980]
     14.1511430037781      V_ActivityByPeriodAndProcess[2000,E01,2000]
      0.86735              V_ActivityByPeriodAndProcess[2000,E31,1980]
      0.260205             V_ActivityByPeriodAndProcess[2000,E31,1990]
      0.890045292483483    V_ActivityByPeriodAndProcess[2000,E51,1980]
     41.4416978058829      V_ActivityByPeriodAndProcess[2000,IMPDSL1,1990]
     26.1471861471861      V_ActivityByPeriodAndProcess[2000,IMPGSL1,1990]
     67.9459956064686      V_ActivityByPeriodAndProcess[2000,IMPHCO1,1990]
      3.523609375          V_ActivityByPeriodAndProcess[2000,IMPHYD,1990]
     14.1241448692153      V_ActivityByPeriodAndProcess[2000,RHE,2000]
      1.52414486921529     V_ActivityByPeriodAndProcess[2000,RHO,1980]
     22.1517102615694      V_ActivityByPeriodAndProcess[2000,RHO,1990]
      8.4                  V_ActivityByPeriodAndProcess[2000,RL1,2000]
      0.2                  V_ActivityByPeriodAndProcess[2000,TXD,1980]
      1.56                 V_ActivityByPeriodAndProcess[2000,TXD,2000]
      1.5                  V_ActivityByPeriodAndProcess[2000,TXG,1980]
      4.54                 V_ActivityByPeriodAndProcess[2000,TXG,2000]
      3.7848               V_ActivityByPeriodAndProcess[2010,E01,1980]
     13.6064977022788      V_ActivityByPeriodAndProcess[2010,E01,2000]
      8.8870401753736      V_ActivityByPeriodAndProcess[2010,E01,2010]
      0.86735              V_ActivityByPeriodAndProcess[2010,E31,1980]
      0.260205             V_ActivityByPeriodAndProcess[2010,E31,1990]
      1.2262568451794      V_ActivityByPeriodAndProcess[2010,E51,1980]
     81.4287107928959      V_ActivityByPeriodAndProcess[2010,IMPDSL1,1990]
     30.0                  V_ActivityByPeriodAndProcess[2010,IMPGSL1,1990]
     82.1198058676637      V_ActivityByPeriodAndProcess[2010,IMPHCO1,1990]
      3.523609375          V_ActivityByPeriodAndProcess[2010,IMPHYD,1990]
     14.1241448692153      V_ActivityByPeriodAndProcess[2010,RHE,2000]
     22.1517102615694      V_ActivityByPeriodAndProcess[2010,RHO,1990]
     20.4241448692153      V_ActivityByPeriodAndProcess[2010,RHO,2010]
     12.6                  V_ActivityByPeriodAndProcess[2010,RL1,2010]
      0.78                 V_ActivityByPeriodAndProcess[2010,TXD,2000]
      3.98                 V_ActivityByPeriodAndProcess[2010,TXD,2010]
      2.27                 V_ActivityByPeriodAndProcess[2010,TXG,2000]
      4.66                 V_ActivityByPeriodAndProcess[2010,TXG,2010]
      0.175                V_Capacity[E01,1960]
      0.175                V_Capacity[E01,1970]
      0.15                 V_Capacity[E01,1980]
      0.968431041340802    V_Capacity[E01,2000]
      0.397927627083904    V_Capacity[E01,2010]
      0.1                  V_Capacity[E31,1980]
      0.03                 V_Capacity[E31,1990]
      0.5                  V_Capacity[E51,1980]
      0.05                 V_Capacity[E70,1960]
      0.05                 V_Capacity[E70,1970]
      0.2                  V_Capacity[E70,1980]
    120.371265697998       V_Capacity[IMPDSL1,1990]
     30.0                  V_Capacity[IMPGSL1,1990]
    119.564881005288       V_Capacity[IMPHCO1,1990]
      3.523609375          V_Capacity[IMPHYD,1990]
     23.1673267326733      V_Capacity[RHE,2000]
      2.5                  V_Capacity[RHO,1970]
      2.5                  V_Capacity[RHO,1980]
     36.3346534653465      V_Capacity[RHO,1990]
     33.5009900990099      V_Capacity[RHO,2010]
      5.6                  V_Capacity[RL1,1980]
      2.8008400840084      V_Capacity[RL1,1990]
     12.6012601260126      V_Capacity[RL1,2000]
     18.9018901890189      V_Capacity[RL1,2010]
      0.1                  V_Capacity[SRE,1990]
      0.4                  V_Capacity[TXD,1970]
      0.2                  V_Capacity[TXD,1980]
      1.56                 V_Capacity[TXD,2000]
      3.98                 V_Capacity[TXD,2010]
      3.1                  V_Capacity[TXG,1970]
      1.5                  V_Capacity[TXG,1980]
      4.54                 V_Capacity[TXG,2000]
      4.66                 V_Capacity[TXG,2010]
      0.5                  V_CapacityAvailableByPeriodAndTech[1990,E01]
      0.13                 V_CapacityAvailableByPeriodAndTech[1990,E31]
      0.5                  V_CapacityAvailableByPeriodAndTech[1990,E51]
      0.3                  V_CapacityAvailableByPeriodAndTech[1990,E70]
    120.371265697998       V_CapacityAvailableByPeriodAndTech[1990,IMPDSL1]
     30.0                  V_CapacityAvailableByPeriodAndTech[1990,IMPGSL1]
    119.564881005288       V_CapacityAvailableByPeriodAndTech[1990,IMPHCO1]
      3.523609375          V_CapacityAvailableByPeriodAndTech[1990,IMPHYD]
     41.3346534653465      V_CapacityAvailableByPeriodAndTech[1990,RHO]
      8.4008400840084      V_CapacityAvailableByPeriodAndTech[1990,RL1]
      0.1                  V_CapacityAvailableByPeriodAndTech[1990,SRE]
      0.6                  V_CapacityAvailableByPeriodAndTech[1990,TXD]
      4.6                  V_CapacityAvailableByPeriodAndTech[1990,TXG]
      1.2934310413408      V_CapacityAvailableByPeriodAndTech[2000,E01]
      0.13                 V_CapacityAvailableByPeriodAndTech[2000,E31]
      0.5                  V_CapacityAvailableByPeriodAndTech[2000,E51]
      0.25                 V_CapacityAvailableByPeriodAndTech[2000,E70]
    120.371265697998       V_CapacityAvailableByPeriodAndTech[2000,IMPDSL1]
     30.0                  V_CapacityAvailableByPeriodAndTech[2000,IMPGSL1]
    119.564881005288       V_CapacityAvailableByPeriodAndTech[2000,IMPHCO1]
      3.523609375          V_CapacityAvailableByPeriodAndTech[2000,IMPHYD]
     23.1673267326733      V_CapacityAvailableByPeriodAndTech[2000,RHE]
     38.8346534653465      V_CapacityAvailableByPeriodAndTech[2000,RHO]
     12.6012601260126      V_CapacityAvailableByPeriodAndTech[2000,RL1]
      0.1                  V_CapacityAvailableByPeriodAndTech[2000,SRE]
      1.76                 V_CapacityAvailableByPeriodAndTech[2000,TXD]
      6.04                 V_CapacityAvailableByPeriodAndTech[2000,TXG]
      1.51635866842471     V_CapacityAvailableByPeriodAndTech[2010,E01]
      0.13                 V_CapacityAvailableByPeriodAndTech[2010,E31]
      0.5                  V_CapacityAvailableByPeriodAndTech[2010,E51]
      0.2                  V_CapacityAvailableByPeriodAndTech[2010,E70]
    120.371265697998       V_CapacityAvailableByPeriodAndTech[2010,IMPDSL1]
     30.0                  V_CapacityAvailableByPeriodAndTech[2010,IMPGSL1]
    119.564881005288       V_CapacityAvailableByPeriodAndTech[2010,IMPHCO1]
      3.523609375          V_CapacityAvailableByPeriodAndTech[2010,IMPHYD]
     23.1673267326733      V_CapacityAvailableByPeriodAndTech[2010,RHE]
     69.8356435643564      V_CapacityAvailableByPeriodAndTech[2010,RHO]
     18.9018901890189      V_CapacityAvailableByPeriodAndTech[2010,RL1]
      0.1                  V_CapacityAvailableByPeriodAndTech[2010,SRE]
      4.76                 V_CapacityAvailableByPeriodAndTech[2010,TXD]
      6.93                 V_CapacityAvailableByPeriodAndTech[2010,TXG]
      2.894805194805195    V_EmissionActivityByPeriodAndProcess[1990,co2,IMPDSL1,1990]
      1.493506493506494    V_EmissionActivityByPeriodAndProcess[1990,co2,IMPGSL1,1990]
      1.3080250369238193   V_EmissionActivityByPeriodAndProcess[1990,co2,IMPHCO1,1990]
      0.4000000000000001   V_EmissionActivityByPeriodAndProcess[1990,nox,TXD,1970]
      0.2                  V_EmissionActivityByPeriodAndProcess[1990,nox,TXD,1980]
      3.1                  V_EmissionActivityByPeriodAndProcess[1990,nox,TXG,1970]
      1.5                  V_EmissionActivityByPeriodAndProcess[1990,nox,TXG,1980]
      3.1081273354412144   V_EmissionActivityByPeriodAndProcess[2000,co2,IMPDSL1,1990]
      1.9610389610389611   V_EmissionActivityByPeriodAndProcess[2000,co2,IMPGSL1,1990]
      6.047193608975712    V_EmissionActivityByPeriodAndProcess[2000,co2,IMPHCO1,1990]
      0.20000000000000004  V_EmissionActivityByPeriodAndProcess[2000,nox,TXD,1980]
      1.56                 V_EmissionActivityByPeriodAndProcess[2000,nox,TXD,2000]
      1.5                  V_EmissionActivityByPeriodAndProcess[2000,nox,TXG,1980]
      4.54                 V_EmissionActivityByPeriodAndProcess[2000,nox,TXG,2000]
      6.107153309467186    V_EmissionActivityByPeriodAndProcess[2010,co2,IMPDSL1,1990]
      2.25                 V_EmissionActivityByPeriodAndProcess[2010,co2,IMPGSL1,1990]
      7.308662722222063    V_EmissionActivityByPeriodAndProcess[2010,co2,IMPHCO1,1990]
      0.78                 V_EmissionActivityByPeriodAndProcess[2010,nox,TXD,2000]
      3.98                 V_EmissionActivityByPeriodAndProcess[2010,nox,TXD,2010]
      2.27                 V_EmissionActivityByPeriodAndProcess[2010,nox,TXG,2000]
      4.66                 V_EmissionActivityByPeriodAndProcess[2010,nox,TXG,2010]
      0.261281977579764    V_FlowIn[1990,inter,day,DSL,RHO,1970,RH]
      0.261281977579764    V_FlowIn[1990,inter,day,DSL,RHO,1980,RH]
      3.79743604484047     V_FlowIn[1990,inter,day,DSL,RHO,1990,RH]
      0.288658008658009    V_FlowIn[1990,inter,day,DSL,TXD,1970,TX]
      0.144329004329004    V_FlowIn[1990,inter,day,DSL,TXD,1980,TX]
      0.559944             V_FlowIn[1990,inter,day,ELC,RL1,1980,RL]
      0.280056             V_FlowIn[1990,inter,day,ELC,RL1,1990,RL]
      2.23709956709957     V_FlowIn[1990,inter,day,GSL,TXG,1970,TX]
      1.08246753246753     V_FlowIn[1990,inter,day,GSL,TXG,1980,TX]
      1.80637677990962     V_FlowIn[1990,inter,day,HCO,E01,1960,ELC]
      0.451835140625       V_FlowIn[1990,inter,day,HYD,E31,1980,ELC]
      0.1355505421875      V_FlowIn[1990,inter,day,HYD,E31,1990,ELC]
      4.75298701298701     V_FlowIn[1990,inter,day,ethos,IMPDSL1,1990,DSL]
      3.3195670995671      V_FlowIn[1990,inter,day,ethos,IMPGSL1,1990,GSL]
      1.80637677990962     V_FlowIn[1990,inter,day,ethos,IMPHCO1,1990,HCO]
      0.5873856828125      V_FlowIn[1990,inter,day,ethos,IMPHYD,1990,HYD]
      0.130640988789882    V_FlowIn[1990,inter,night,DSL,RHO,1970,RH]
      0.130640988789882    V_FlowIn[1990,inter,night,DSL,RHO,1980,RH]
      1.89871802242024     V_FlowIn[1990,inter,night,DSL,RHO,1990,RH]
      0.144242424242424    V_FlowIn[1990,inter,night,DSL,TXD,1970,TX]
      0.0721212121212121   V_FlowIn[1990,inter,night,DSL,TXD,1980,TX]
      0.102772238790167    V_FlowIn[1990,inter,night,ELC,E51,1980,ELC]
      0.186648             V_FlowIn[1990,inter,night,ELC,RL1,1980,RL]
      0.093352             V_FlowIn[1990,inter,night,ELC,RL1,1990,RL]
      1.11787878787879     V_FlowIn[1990,inter,night,GSL,TXG,1970,TX]
      0.540909090909091    V_FlowIn[1990,inter,night,GSL,TXG,1980,TX]
      0.902646585281773    V_FlowIn[1990,inter,night,HCO,E01,1960,ELC]
      0.225782046875       V_FlowIn[1990,inter,night,HYD,E31,1980,ELC]
      0.0677346140625      V_FlowIn[1990,inter,night,HYD,E31,1990,ELC]
      2.37636363636364     V_FlowIn[1990,inter,night,ethos,IMPDSL1,1990,DSL]
      1.65878787878788     V_FlowIn[1990,inter,night,ethos,IMPGSL1,1990,GSL]
      0.902646585281773    V_FlowIn[1990,inter,night,ethos,IMPHCO1,1990,HCO]
      0.2935166609375      V_FlowIn[1990,inter,night,ethos,IMPHYD,1990,HYD]
      0.288658008658009    V_FlowIn[1990,summer,day,DSL,TXD,1970,TX]
      0.144329004329004    V_FlowIn[1990,summer,day,DSL,TXD,1980,TX]
      0.559944             V_FlowIn[1990,summer,day,ELC,RL1,1980,RL]
      0.280056             V_FlowIn[1990,summer,day,ELC,RL1,1990,RL]
      2.23709956709957     V_FlowIn[1990,summer,day,GSL,TXG,1970,TX]
      1.08246753246753     V_FlowIn[1990,summer,day,GSL,TXG,1980,TX]
      1.80637677990962     V_FlowIn[1990,summer,day,HCO,E01,1960,ELC]
      0.451835140625       V_FlowIn[1990,summer,day,HYD,E31,1980,ELC]
      0.1355505421875      V_FlowIn[1990,summer,day,HYD,E31,1990,ELC]
      0.432987012987013    V_FlowIn[1990,summer,day,ethos,IMPDSL1,1990,DSL]
      3.3195670995671      V_FlowIn[1990,summer,day,ethos,IMPGSL1,1990,GSL]
      1.80637677990962     V_FlowIn[1990,summer,day,ethos,IMPHCO1,1990,HCO]
      0.5873856828125      V_FlowIn[1990,summer,day,ethos,IMPHYD,1990,HYD]
      0.144242424242424    V_FlowIn[1990,summer,night,DSL,TXD,1970,TX]
      0.0721212121212121   V_FlowIn[1990,summer,night,DSL,TXD,1980,TX]
      0.102772238790167    V_FlowIn[1990,summer,night,ELC,E51,1980,ELC]
      0.186648             V_FlowIn[1990,summer,night,ELC,RL1,1980,RL]
      0.093352             V_FlowIn[1990,summer,night,ELC,RL1,1990,RL]
      1.11787878787879     V_FlowIn[1990,summer,night,GSL,TXG,1970,TX]
      0.540909090909091    V_FlowIn[1990,summer,night,GSL,TXG,1980,TX]
      0.902646585281773    V_FlowIn[1990,summer,night,HCO,E01,1960,ELC]
      0.225782046875       V_FlowIn[1990,summer,night,HYD,E31,1980,ELC]
      0.0677346140625      V_FlowIn[1990,summer,night,HYD,E31,1990,ELC]
      0.216363636363636    V_FlowIn[1990,summer,night,ethos,IMPDSL1,1990,DSL]
      1.65878787878788     V_FlowIn[1990,summer,night,ethos,IMPGSL1,1990,GSL]
      0.902646585281773    V_FlowIn[1990,summer,night,ethos,IMPHCO1,1990,HCO]
      0.2935166609375      V_FlowIn[1990,summer,night,ethos,IMPHYD,1990,HYD]
      1.19035714285714     V_FlowIn[1990,winter,day,DSL,RHO,1970,RH]
      1.19035714285714     V_FlowIn[1990,winter,day,DSL,RHO,1980,RH]
     17.3004857142857      V_FlowIn[1990,winter,day,DSL,RHO,1990,RH]
      0.577142857142857    V_FlowIn[1990,winter,day,DSL,TXD,1970,TX]
      0.288571428571429    V_FlowIn[1990,winter,day,DSL,TXD,1980,TX]
      1.86648              V_FlowIn[1990,winter,day,ELC,RL1,1980,RL]
      0.93352              V_FlowIn[1990,winter,day,ELC,RL1,1990,RL]
      4.47285714285714     V_FlowIn[1990,winter,day,GSL,TXG,1970,TX]
      2.16428571428571     V_FlowIn[1990,winter,day,GSL,TXG,1980,TX]
      4.599123375          V_FlowIn[1990,winter,day,HCO,E01,1960,ELC]
      1.58616723198098     V_FlowIn[1990,winter,day,HCO,E01,1970,ELC]
      0.903399234375       V_FlowIn[1990,winter,day,HYD,E31,1980,ELC]
      0.2710197703125      V_FlowIn[1990,winter,day,HYD,E31,1990,ELC]
     20.5469142857143      V_FlowIn[1990,winter,day,ethos,IMPDSL1,1990,DSL]
      6.63714285714286     V_FlowIn[1990,winter,day,ethos,IMPGSL1,1990,GSL]
      6.18529060698097     V_FlowIn[1990,winter,day,ethos,IMPHCO1,1990,HCO]
      1.1744190046875      V_FlowIn[1990,winter,day,ethos,IMPHYD,1990,HYD]
      0.595069703937913    V_FlowIn[1990,winter,night,DSL,RHO,1970,RH]
      0.595069703937913    V_FlowIn[1990,winter,night,DSL,RHO,1980,RH]
      8.64866059212418     V_FlowIn[1990,winter,night,DSL,RHO,1990,RH]
      0.288658008658009    V_FlowIn[1990,winter,night,DSL,TXD,1970,TX]
      0.144329004329004    V_FlowIn[1990,winter,night,DSL,TXD,1980,TX]
      0.617906839258455    V_FlowIn[1990,winter,night,ELC,E51,1980,ELC]
      0.373296             V_FlowIn[1990,winter,night,ELC,RL1,1980,RL]
      0.186704             V_FlowIn[1990,winter,night,ELC,RL1,1990,RL]
      2.23709956709957     V_FlowIn[1990,winter,night,GSL,TXG,1970,TX]
      1.08246753246753     V_FlowIn[1990,winter,night,GSL,TXG,1980,TX]
      2.300251625          V_FlowIn[1990,winter,night,HCO,E01,1960,ELC]
      0.793321564870172    V_FlowIn[1990,winter,night,HCO,E01,1970,ELC]
      0.451835140625       V_FlowIn[1990,winter,night,HYD,E31,1980,ELC]
      0.1355505421875      V_FlowIn[1990,winter,night,HYD,E31,1990,ELC]
     10.271787012987       V_FlowIn[1990,winter,night,ethos,IMPDSL1,1990,DSL]
      3.3195670995671      V_FlowIn[1990,winter,night,ethos,IMPGSL1,1990,GSL]
      3.09357318987017     V_FlowIn[1990,winter,night,ethos,IMPHCO1,1990,HCO]
      0.5873856828125      V_FlowIn[1990,winter,night,ethos,IMPHYD,1990,HYD]
      0.261281977579764    V_FlowIn[2000,inter,day,DSL,RHO,1980,RH]
      3.79743604484047     V_FlowIn[2000,inter,day,DSL,RHO,1990,RH]
      0.144329004329004    V_FlowIn[2000,inter,day,DSL,TXD,1980,TX]
      1.12576623376623     V_FlowIn[2000,inter,day,DSL,TXD,2000,TX]
      1.69489738430583     V_FlowIn[2000,inter,day,ELC,RHE,2000,RH]
      1.26                 V_FlowIn[2000,inter,day,ELC,RL1,2000,RL]
      1.08246753246753     V_FlowIn[2000,inter,day,GSL,TXG,1980,TX]
      3.2762683982684      V_FlowIn[2000,inter,day,GSL,TXG,2000,TX]
      2.300251625          V_FlowIn[2000,inter,day,HCO,E01,1970,ELC]
      1.97164425           V_FlowIn[2000,inter,day,HCO,E01,1980,ELC]
      4.02875764504125     V_FlowIn[2000,inter,day,HCO,E01,2000,ELC]
      0.451835140625       V_FlowIn[2000,inter,day,HYD,E31,1980,ELC]
      0.1355505421875      V_FlowIn[2000,inter,day,HYD,E31,1990,ELC]
      5.32881326051547     V_FlowIn[2000,inter,day,ethos,IMPDSL1,1990,DSL]
      4.35873593073593     V_FlowIn[2000,inter,day,ethos,IMPGSL1,1990,GSL]
      8.30065352004125     V_FlowIn[2000,inter,day,ethos,IMPHCO1,1990,HCO]
      0.5873856828125      V_FlowIn[2000,inter,day,ethos,IMPHYD,1990,HYD]
      0.130640988789882    V_FlowIn[2000,inter,night,DSL,RHO,1980,RH]
      1.89871802242024     V_FlowIn[2000,inter,night,DSL,RHO,1990,RH]
      0.0721212121212121   V_FlowIn[2000,inter,night,DSL,TXD,1980,TX]
      0.562545454545455    V_FlowIn[2000,inter,night,DSL,TXD,2000,TX]
      0.153784499156437    V_FlowIn[2000,inter,night,ELC,E51,1980,ELC]
      0.847448692152917    V_FlowIn[2000,inter,night,ELC,RHE,2000,RH]
      0.42                 V_FlowIn[2000,inter,night,ELC,RL1,2000,RL]
      0.540909090909091    V_FlowIn[2000,inter,night,GSL,TXG,1980,TX]
      1.63715151515152     V_FlowIn[2000,inter,night,GSL,TXG,2000,TX]
      1.149435875          V_FlowIn[2000,inter,night,HCO,E01,1970,ELC]
      0.98523075           V_FlowIn[2000,inter,night,HCO,E01,1980,ELC]
      2.01317043690423     V_FlowIn[2000,inter,night,HCO,E01,2000,ELC]
      0.225782046875       V_FlowIn[2000,inter,night,HYD,E31,1980,ELC]
      0.0677346140625      V_FlowIn[2000,inter,night,HYD,E31,1990,ELC]
      2.66402567787678     V_FlowIn[2000,inter,night,ethos,IMPDSL1,1990,DSL]
      2.17806060606061     V_FlowIn[2000,inter,night,ethos,IMPGSL1,1990,GSL]
      4.14783706190423     V_FlowIn[2000,inter,night,ethos,IMPHCO1,1990,HCO]
      0.2935166609375      V_FlowIn[2000,inter,night,ethos,IMPHYD,1990,HYD]
      0.144329004329004    V_FlowIn[2000,summer,day,DSL,TXD,1980,TX]
      1.12576623376623     V_FlowIn[2000,summer,day,DSL,TXD,2000,TX]
      1.26                 V_FlowIn[2000,summer,day,ELC,RL1,2000,RL]
      1.08246753246753     V_FlowIn[2000,summer,day,GSL,TXG,1980,TX]
      3.2762683982684      V_FlowIn[2000,summer,day,GSL,TXG,2000,TX]
      1.03161376127068     V_FlowIn[2000,summer,day,HCO,E01,1970,ELC]
      1.97164425           V_FlowIn[2000,summer,day,HCO,E01,1980,ELC]
      0.451835140625       V_FlowIn[2000,summer,day,HYD,E31,1980,ELC]
      0.1355505421875      V_FlowIn[2000,summer,day,HYD,E31,1990,ELC]
      1.27009523809524     V_FlowIn[2000,summer,day,ethos,IMPDSL1,1990,DSL]
      4.35873593073593     V_FlowIn[2000,summer,day,ethos,IMPGSL1,1990,GSL]
      3.00325801127068     V_FlowIn[2000,summer,day,ethos,IMPHCO1,1990,HCO]
      0.5873856828125      V_FlowIn[2000,summer,day,ethos,IMPHYD,1990,HYD]
      0.0721212121212121   V_FlowIn[2000,summer,night,DSL,TXD,1980,TX]
      0.562545454545455    V_FlowIn[2000,summer,night,DSL,TXD,2000,TX]
      0.154158358185251    V_FlowIn[2000,summer,night,ELC,E51,1980,ELC]
      0.42                 V_FlowIn[2000,summer,night,ELC,RL1,2000,RL]
      0.540909090909091    V_FlowIn[2000,summer,night,GSL,TXG,1980,TX]
      1.63715151515152     V_FlowIn[2000,summer,night,GSL,TXG,2000,TX]
      0.51549745839141     V_FlowIn[2000,summer,night,HCO,E01,1970,ELC]
      0.98523075           V_FlowIn[2000,summer,night,HCO,E01,1980,ELC]
      0.225782046875       V_FlowIn[2000,summer,night,HYD,E31,1980,ELC]
      0.0677346140625      V_FlowIn[2000,summer,night,HYD,E31,1990,ELC]
      0.634666666666667    V_FlowIn[2000,summer,night,ethos,IMPDSL1,1990,DSL]
      2.17806060606061     V_FlowIn[2000,summer,night,ethos,IMPGSL1,1990,GSL]
      1.50072820839141     V_FlowIn[2000,summer,night,ethos,IMPHCO1,1990,HCO]
      0.2935166609375      V_FlowIn[2000,summer,night,ethos,IMPHYD,1990,HYD]
      1.19035714285714     V_FlowIn[2000,winter,day,DSL,RHO,1980,RH]
     17.3004857142857      V_FlowIn[2000,winter,day,DSL,RHO,1990,RH]
      0.288571428571429    V_FlowIn[2000,winter,day,DSL,TXD,1980,TX]
      2.25085714285714     V_FlowIn[2000,winter,day,DSL,TXD,2000,TX]
      7.72167              V_FlowIn[2000,winter,day,ELC,RHE,2000,RH]
      4.2                  V_FlowIn[2000,winter,day,ELC,RL1,2000,RL]
      2.16428571428571     V_FlowIn[2000,winter,day,GSL,TXG,1980,TX]
      6.55057142857143     V_FlowIn[2000,winter,day,GSL,TXG,2000,TX]
      4.599123375          V_FlowIn[2000,winter,day,HCO,E01,1970,ELC]
      3.94210575           V_FlowIn[2000,winter,day,HCO,E01,1980,ELC]
     25.4510505103204      V_FlowIn[2000,winter,day,HCO,E01,2000,ELC]
      0.903399234375       V_FlowIn[2000,winter,day,HYD,E31,1980,ELC]
      0.2710197703125      V_FlowIn[2000,winter,day,HYD,E31,1990,ELC]
     21.0302714285714      V_FlowIn[2000,winter,day,ethos,IMPDSL1,1990,DSL]
      8.71485714285714     V_FlowIn[2000,winter,day,ethos,IMPGSL1,1990,GSL]
     33.9922796353204      V_FlowIn[2000,winter,day,ethos,IMPHCO1,1990,HCO]
      1.1744190046875      V_FlowIn[2000,winter,day,ethos,IMPHYD,1990,HYD]
      0.595069703937913    V_FlowIn[2000,winter,night,DSL,RHO,1980,RH]
      8.64866059212417     V_FlowIn[2000,winter,night,DSL,RHO,1990,RH]
      0.144329004329004    V_FlowIn[2000,winter,night,DSL,TXD,1980,TX]
      1.12576623376623     V_FlowIn[2000,winter,night,DSL,TXD,2000,TX]
      0.928231159996481    V_FlowIn[2000,winter,night,ELC,E51,1980,ELC]
      3.86012879275654     V_FlowIn[2000,winter,night,ELC,RHE,2000,RH]
      0.84                 V_FlowIn[2000,winter,night,ELC,RL1,2000,RL]
      1.08246753246753     V_FlowIn[2000,winter,night,GSL,TXG,1980,TX]
      3.2762683982684      V_FlowIn[2000,winter,night,GSL,TXG,2000,TX]
      2.300251625          V_FlowIn[2000,winter,night,HCO,E01,1970,ELC]
      1.97164425           V_FlowIn[2000,winter,night,HCO,E01,1980,ELC]
     12.7293432945407      V_FlowIn[2000,winter,night,HCO,E01,2000,ELC]
      0.451835140625       V_FlowIn[2000,winter,night,HYD,E31,1980,ELC]
      0.1355505421875      V_FlowIn[2000,winter,night,HYD,E31,1990,ELC]
     10.5138255341573      V_FlowIn[2000,winter,night,ethos,IMPDSL1,1990,DSL]
      4.35873593073593     V_FlowIn[2000,winter,night,ethos,IMPGSL1,1990,GSL]
     17.0012391695407      V_FlowIn[2000,winter,night,ethos,IMPHCO1,1990,HCO]
      0.5873856828125      V_FlowIn[2000,winter,night,ethos,IMPHYD,1990,HYD]
      3.79743604484047     V_FlowIn[2010,inter,day,DSL,RHO,1990,RH]
      3.50128197757976     V_FlowIn[2010,inter,day,DSL,RHO,2010,RH]
      0.562883116883117    V_FlowIn[2010,inter,day,DSL,TXD,2000,TX]
      2.87214718614719     V_FlowIn[2010,inter,day,DSL,TXD,2010,TX]
      1.69489738430584     V_FlowIn[2010,inter,day,ELC,RHE,2000,RH]
      1.89                 V_FlowIn[2010,inter,day,ELC,RL1,2010,RL]
      1.6381341991342      V_FlowIn[2010,inter,day,GSL,TXG,2000,TX]
      3.3628658008658      V_FlowIn[2010,inter,day,GSL,TXG,2010,TX]
      1.97164425           V_FlowIn[2010,inter,day,HCO,E01,1980,ELC]
      2.89385299804202     V_FlowIn[2010,inter,day,HCO,E01,2000,ELC]
      5.23047811904082     V_FlowIn[2010,inter,day,HCO,E01,2010,ELC]
      0.451835140625       V_FlowIn[2010,inter,day,HYD,E31,1980,ELC]
      0.1355505421875      V_FlowIn[2010,inter,day,HYD,E31,1990,ELC]
     10.7337483254505      V_FlowIn[2010,inter,day,ethos,IMPDSL1,1990,DSL]
      5.001                V_FlowIn[2010,inter,day,ethos,IMPGSL1,1990,GSL]
     10.0959753670828      V_FlowIn[2010,inter,day,ethos,IMPHCO1,1990,HCO]
      0.5873856828125      V_FlowIn[2010,inter,day,ethos,IMPHYD,1990,HYD]
      1.89871802242024     V_FlowIn[2010,inter,night,DSL,RHO,1990,RH]
      1.75064098878988     V_FlowIn[2010,inter,night,DSL,RHO,2010,RH]
      0.281272727272727    V_FlowIn[2010,inter,night,DSL,TXD,2000,TX]
      1.43521212121212     V_FlowIn[2010,inter,night,DSL,TXD,2010,TX]
      0.230863678249063    V_FlowIn[2010,inter,night,ELC,E51,1980,ELC]
      0.847448692152917    V_FlowIn[2010,inter,night,ELC,RHE,2000,RH]
      0.63                 V_FlowIn[2010,inter,night,ELC,RL1,2010,RL]
      0.818575757575758    V_FlowIn[2010,inter,night,GSL,TXG,2000,TX]
      1.68042424242424     V_FlowIn[2010,inter,night,GSL,TXG,2010,TX]
      0.98523075           V_FlowIn[2010,inter,night,HCO,E01,1980,ELC]
      1.44605851671806     V_FlowIn[2010,inter,night,HCO,E01,2000,ELC]
      2.61367022985063     V_FlowIn[2010,inter,night,HCO,E01,2010,ELC]
      0.225782046875       V_FlowIn[2010,inter,night,HYD,E31,1980,ELC]
      0.0677346140625      V_FlowIn[2010,inter,night,HYD,E31,1990,ELC]
      5.36584385969497     V_FlowIn[2010,inter,night,ethos,IMPDSL1,1990,DSL]
      2.499                V_FlowIn[2010,inter,night,ethos,IMPGSL1,1990,GSL]
      5.04495949656869     V_FlowIn[2010,inter,night,ethos,IMPHCO1,1990,HCO]
      0.2935166609375      V_FlowIn[2010,inter,night,ethos,IMPHYD,1990,HYD]
      0.562883116883117    V_FlowIn[2010,summer,day,DSL,TXD,2000,TX]
      2.87214718614719     V_FlowIn[2010,summer,day,DSL,TXD,2010,TX]
      1.89                 V_FlowIn[2010,summer,day,ELC,RL1,2010,RL]
      1.6381341991342      V_FlowIn[2010,summer,day,GSL,TXG,2000,TX]
      3.3628658008658      V_FlowIn[2010,summer,day,GSL,TXG,2010,TX]
      1.97164425           V_FlowIn[2010,summer,day,HCO,E01,1980,ELC]
      2.82693560831228     V_FlowIn[2010,summer,day,HCO,E01,2010,ELC]
      0.451835140625       V_FlowIn[2010,summer,day,HYD,E31,1980,ELC]
      0.1355505421875      V_FlowIn[2010,summer,day,HYD,E31,1990,ELC]
      3.4350303030303      V_FlowIn[2010,summer,day,ethos,IMPDSL1,1990,DSL]
      5.001                V_FlowIn[2010,summer,day,ethos,IMPGSL1,1990,GSL]
      4.79857985831228     V_FlowIn[2010,summer,day,ethos,IMPHCO1,1990,HCO]
      0.5873856828125      V_FlowIn[2010,summer,day,ethos,IMPHYD,1990,HYD]
      0.281272727272727    V_FlowIn[2010,summer,night,DSL,TXD,2000,TX]
      1.43521212121212     V_FlowIn[2010,summer,night,DSL,TXD,2010,TX]
      0.231237537277876    V_FlowIn[2010,summer,night,ELC,E51,1980,ELC]
      0.63                 V_FlowIn[2010,summer,night,ELC,RL1,2010,RL]
      0.818575757575758    V_FlowIn[2010,summer,night,GSL,TXG,2000,TX]
      1.68042424242424     V_FlowIn[2010,summer,night,GSL,TXG,2010,TX]
      0.98523075           V_FlowIn[2010,summer,night,HCO,E01,1980,ELC]
      1.41261989305586     V_FlowIn[2010,summer,night,HCO,E01,2010,ELC]
      0.225782046875       V_FlowIn[2010,summer,night,HYD,E31,1980,ELC]
      0.0677346140625      V_FlowIn[2010,summer,night,HYD,E31,1990,ELC]
      1.71648484848485     V_FlowIn[2010,summer,night,ethos,IMPDSL1,1990,DSL]
      2.499                V_FlowIn[2010,summer,night,ethos,IMPGSL1,1990,GSL]
      2.39785064305586     V_FlowIn[2010,summer,night,ethos,IMPHCO1,1990,HCO]
      0.2935166609375      V_FlowIn[2010,summer,night,ethos,IMPHYD,1990,HYD]
     17.3004857142857      V_FlowIn[2010,winter,day,DSL,RHO,1990,RH]
     15.9512571428571      V_FlowIn[2010,winter,day,DSL,RHO,2010,RH]
      1.12542857142857     V_FlowIn[2010,winter,day,DSL,TXD,2000,TX]
      5.74257142857143     V_FlowIn[2010,winter,day,DSL,TXD,2010,TX]
      7.72167              V_FlowIn[2010,winter,day,ELC,RHE,2000,RH]
      6.3                  V_FlowIn[2010,winter,day,ELC,RL1,2010,RL]
      3.27528571428571     V_FlowIn[2010,winter,day,GSL,TXG,2000,TX]
      6.72371428571429     V_FlowIn[2010,winter,day,GSL,TXG,2010,TX]
      3.94210575           V_FlowIn[2010,winter,day,HCO,E01,1980,ELC]
     25.4510505103204      V_FlowIn[2010,winter,day,HCO,E01,2000,ELC]
     10.4578185787421      V_FlowIn[2010,winter,day,HCO,E01,2010,ELC]
      0.903399234375       V_FlowIn[2010,winter,day,HYD,E31,1980,ELC]
      0.2710197703125      V_FlowIn[2010,winter,day,HYD,E31,1990,ELC]
     40.1197428571428      V_FlowIn[2010,winter,day,ethos,IMPDSL1,1990,DSL]
      9.999                V_FlowIn[2010,winter,day,ethos,IMPGSL1,1990,GSL]
     39.8509748390625      V_FlowIn[2010,winter,day,ethos,IMPHCO1,1990,HCO]
      1.1744190046875      V_FlowIn[2010,winter,day,ethos,IMPHYD,1990,HYD]
      8.64866059212418     V_FlowIn[2010,winter,night,DSL,RHO,1990,RH]
      7.97416970393791     V_FlowIn[2010,winter,night,DSL,RHO,2010,RH]
      0.562883116883117    V_FlowIn[2010,winter,night,DSL,TXD,2000,TX]
      2.87214718614719     V_FlowIn[2010,winter,night,DSL,TXD,2010,TX]
      1.24103329166667     V_FlowIn[2010,winter,night,ELC,E51,1980,ELC]
      0.204870346422876    V_FlowIn[2010,winter,night,ELC,RHE,1990,RH]
      3.86012879275654     V_FlowIn[2010,winter,night,ELC,RHE,2000,RH]
      1.26                 V_FlowIn[2010,winter,night,ELC,RL1,2010,RL]
      1.6381341991342      V_FlowIn[2010,winter,night,GSL,TXG,2000,TX]
      3.3628658008658      V_FlowIn[2010,winter,night,GSL,TXG,2010,TX]
      1.97164425           V_FlowIn[2010,winter,night,HCO,E01,1980,ELC]
     12.7293432945407      V_FlowIn[2010,winter,night,HCO,E01,2000,ELC]
      5.23047811904082     V_FlowIn[2010,winter,night,HCO,E01,2010,ELC]
      0.451835140625       V_FlowIn[2010,winter,night,HYD,E31,1980,ELC]
      0.1355505421875      V_FlowIn[2010,winter,night,HYD,E31,1990,ELC]
     20.0578605990924      V_FlowIn[2010,winter,night,ethos,IMPDSL1,1990,DSL]
      5.001                V_FlowIn[2010,winter,night,ethos,IMPGSL1,1990,GSL]
     19.9314656635815      V_FlowIn[2010,winter,night,ethos,IMPHCO1,1990,HCO]
      0.5873856828125      V_FlowIn[2010,winter,night,ethos,IMPHYD,1990,HYD]
      0.182897384305835    V_FlowOut[1990,inter,day,DSL,RHO,1970,RH]
      0.182897384305835    V_FlowOut[1990,inter,day,DSL,RHO,1980,RH]
      2.65820523138833     V_FlowOut[1990,inter,day,DSL,RHO,1990,RH]
      0.06668              V_FlowOut[1990,inter,day,DSL,TXD,1970,TX]
      0.03334              V_FlowOut[1990,inter,day,DSL,TXD,1980,TX]
      0.0739960119289206   V_FlowOut[1990,inter,day,ELC,E51,1980,ELC]
      0.559944             V_FlowOut[1990,inter,day,ELC,RL1,1980,RL]
      0.280056             V_FlowOut[1990,inter,day,ELC,RL1,1990,RL]
      0.51677              V_FlowOut[1990,inter,day,GSL,TXG,1970,TX]
      0.25005              V_FlowOut[1990,inter,day,GSL,TXG,1980,TX]
      0.578040569571079    V_FlowOut[1990,inter,day,HCO,E01,1960,ELC]
      0.144587245          V_FlowOut[1990,inter,day,HYD,E31,1980,ELC]
      0.0433761735         V_FlowOut[1990,inter,day,HYD,E31,1990,ELC]
      4.75298701298701     V_FlowOut[1990,inter,day,ethos,IMPDSL1,1990,DSL]
      3.3195670995671      V_FlowOut[1990,inter,day,ethos,IMPGSL1,1990,GSL]
      1.80637677990962     V_FlowOut[1990,inter,day,ethos,IMPHCO1,1990,HCO]
      0.5873856828125      V_FlowOut[1990,inter,day,ethos,IMPHYD,1990,HYD]
      0.0914486921529175   V_FlowOut[1990,inter,night,DSL,RHO,1970,RH]
      0.0914486921529175   V_FlowOut[1990,inter,night,DSL,RHO,1980,RH]
      1.32910261569416     V_FlowOut[1990,inter,night,DSL,RHO,1990,RH]
      0.03332              V_FlowOut[1990,inter,night,DSL,TXD,1970,TX]
      0.01666              V_FlowOut[1990,inter,night,DSL,TXD,1980,TX]
      0.186648             V_FlowOut[1990,inter,night,ELC,RL1,1980,RL]
      0.093352             V_FlowOut[1990,inter,night,ELC,RL1,1990,RL]
      0.25823              V_FlowOut[1990,inter,night,GSL,TXG,1970,TX]
      0.12495              V_FlowOut[1990,inter,night,GSL,TXG,1980,TX]
      0.288846907290167    V_FlowOut[1990,inter,night,HCO,E01,1960,ELC]
      0.072250255          V_FlowOut[1990,inter,night,HYD,E31,1980,ELC]
      0.0216750765         V_FlowOut[1990,inter,night,HYD,E31,1990,ELC]
      2.37636363636364     V_FlowOut[1990,inter,night,ethos,IMPDSL1,1990,DSL]
      1.65878787878788     V_FlowOut[1990,inter,night,ethos,IMPGSL1,1990,GSL]
      0.902646585281773    V_FlowOut[1990,inter,night,ethos,IMPHCO1,1990,HCO]
      0.2935166609375      V_FlowOut[1990,inter,night,ethos,IMPHYD,1990,HYD]
      0.06668              V_FlowOut[1990,summer,day,DSL,TXD,1970,TX]
      0.03334              V_FlowOut[1990,summer,day,DSL,TXD,1980,TX]
      0.0739960119289206   V_FlowOut[1990,summer,day,ELC,E51,1980,ELC]
      0.559944             V_FlowOut[1990,summer,day,ELC,RL1,1980,RL]
      0.280056             V_FlowOut[1990,summer,day,ELC,RL1,1990,RL]
      0.51677              V_FlowOut[1990,summer,day,GSL,TXG,1970,TX]
      0.25005              V_FlowOut[1990,summer,day,GSL,TXG,1980,TX]
      0.578040569571079    V_FlowOut[1990,summer,day,HCO,E01,1960,ELC]
      0.144587245          V_FlowOut[1990,summer,day,HYD,E31,1980,ELC]
      0.0433761735         V_FlowOut[1990,summer,day,HYD,E31,1990,ELC]
      0.432987012987013    V_FlowOut[1990,summer,day,ethos,IMPDSL1,1990,DSL]
      3.3195670995671      V_FlowOut[1990,summer,day,ethos,IMPGSL1,1990,GSL]
      1.80637677990962     V_FlowOut[1990,summer,day,ethos,IMPHCO1,1990,HCO]
      0.5873856828125      V_FlowOut[1990,summer,day,ethos,IMPHYD,1990,HYD]
      0.03332              V_FlowOut[1990,summer,night,DSL,TXD,1970,TX]
      0.01666              V_FlowOut[1990,summer,night,DSL,TXD,1980,TX]
      0.186648             V_FlowOut[1990,summer,night,ELC,RL1,1980,RL]
      0.093352             V_FlowOut[1990,summer,night,ELC,RL1,1990,RL]
      0.25823              V_FlowOut[1990,summer,night,GSL,TXG,1970,TX]
      0.12495              V_FlowOut[1990,summer,night,GSL,TXG,1980,TX]
      0.288846907290167    V_FlowOut[1990,summer,night,HCO,E01,1960,ELC]
      0.072250255          V_FlowOut[1990,summer,night,HYD,E31,1980,ELC]
      0.0216750765         V_FlowOut[1990,summer,night,HYD,E31,1990,ELC]
      0.216363636363636    V_FlowOut[1990,summer,night,ethos,IMPDSL1,1990,DSL]
      1.65878787878788     V_FlowOut[1990,summer,night,ethos,IMPGSL1,1990,GSL]
      0.902646585281773    V_FlowOut[1990,summer,night,ethos,IMPHCO1,1990,HCO]
      0.2935166609375      V_FlowOut[1990,summer,night,ethos,IMPHYD,1990,HYD]
      0.83325              V_FlowOut[1990,winter,day,DSL,RHO,1970,RH]
      0.83325              V_FlowOut[1990,winter,day,DSL,RHO,1980,RH]
     12.11034              V_FlowOut[1990,winter,day,DSL,RHO,1990,RH]
      0.13332              V_FlowOut[1990,winter,day,DSL,TXD,1970,TX]
      0.06666              V_FlowOut[1990,winter,day,DSL,TXD,1980,TX]
      0.444892924266088    V_FlowOut[1990,winter,day,ELC,E51,1980,ELC]
      1.86648              V_FlowOut[1990,winter,day,ELC,RL1,1980,RL]
      0.93352              V_FlowOut[1990,winter,day,ELC,RL1,1990,RL]
      1.03323              V_FlowOut[1990,winter,day,GSL,TXG,1970,TX]
      0.49995              V_FlowOut[1990,winter,day,GSL,TXG,1980,TX]
      1.47171948           V_FlowOut[1990,winter,day,HCO,E01,1960,ELC]
      0.507573514233912    V_FlowOut[1990,winter,day,HCO,E01,1970,ELC]
      0.289087755          V_FlowOut[1990,winter,day,HYD,E31,1980,ELC]
      0.0867263265         V_FlowOut[1990,winter,day,HYD,E31,1990,ELC]
     20.5469142857143      V_FlowOut[1990,winter,day,ethos,IMPDSL1,1990,DSL]
      6.63714285714286     V_FlowOut[1990,winter,day,ethos,IMPGSL1,1990,GSL]
      6.18529060698097     V_FlowOut[1990,winter,day,ethos,IMPHCO1,1990,HCO]
      1.1744190046875      V_FlowOut[1990,winter,day,ethos,IMPHYD,1990,HYD]
      0.416548792756539    V_FlowOut[1990,winter,night,DSL,RHO,1970,RH]
      0.416548792756539    V_FlowOut[1990,winter,night,DSL,RHO,1980,RH]
      6.05406241448692     V_FlowOut[1990,winter,night,DSL,RHO,1990,RH]
      0.06668              V_FlowOut[1990,winter,night,DSL,TXD,1970,TX]
      0.03334              V_FlowOut[1990,winter,night,DSL,TXD,1980,TX]
      0.373296             V_FlowOut[1990,winter,night,ELC,RL1,1980,RL]
      0.186704             V_FlowOut[1990,winter,night,ELC,RL1,1990,RL]
      0.51677              V_FlowOut[1990,winter,night,GSL,TXG,1970,TX]
      0.25005              V_FlowOut[1990,winter,night,GSL,TXG,1980,TX]
      0.73608052           V_FlowOut[1990,winter,night,HCO,E01,1960,ELC]
      0.253862900758455    V_FlowOut[1990,winter,night,HCO,E01,1970,ELC]
      0.144587245          V_FlowOut[1990,winter,night,HYD,E31,1980,ELC]
      0.0433761735         V_FlowOut[1990,winter,night,HYD,E31,1990,ELC]
     10.271787012987       V_FlowOut[1990,winter,night,ethos,IMPDSL1,1990,DSL]
      3.3195670995671      V_FlowOut[1990,winter,night,ethos,IMPGSL1,1990,GSL]
      3.09357318987017     V_FlowOut[1990,winter,night,ethos,IMPHCO1,1990,HCO]
      0.5873856828125      V_FlowOut[1990,winter,night,ethos,IMPHYD,1990,HYD]
      0.182897384305835    V_FlowOut[2000,inter,day,DSL,RHO,1980,RH]
      2.65820523138833     V_FlowOut[2000,inter,day,DSL,RHO,1990,RH]
      0.03334              V_FlowOut[2000,inter,day,DSL,TXD,1980,TX]
      0.260052             V_FlowOut[2000,inter,day,DSL,TXD,2000,TX]
      0.110724839392635    V_FlowOut[2000,inter,day,ELC,E51,1980,ELC]
      1.69489738430583     V_FlowOut[2000,inter,day,ELC,RHE,2000,RH]
      1.26                 V_FlowOut[2000,inter,day,ELC,RL1,2000,RL]
      0.25005              V_FlowOut[2000,inter,day,GSL,TXG,1980,TX]
      0.756818             V_FlowOut[2000,inter,day,GSL,TXG,2000,TX]
      0.73608052           V_FlowOut[2000,inter,day,HCO,E01,1970,ELC]
      0.63092616           V_FlowOut[2000,inter,day,HCO,E01,1980,ELC]
      1.2892024464132      V_FlowOut[2000,inter,day,HCO,E01,2000,ELC]
      0.144587245          V_FlowOut[2000,inter,day,HYD,E31,1980,ELC]
      0.0433761735         V_FlowOut[2000,inter,day,HYD,E31,1990,ELC]
      5.32881326051547     V_FlowOut[2000,inter,day,ethos,IMPDSL1,1990,DSL]
      4.35873593073593     V_FlowOut[2000,inter,day,ethos,IMPGSL1,1990,GSL]
      8.30065352004125     V_FlowOut[2000,inter,day,ethos,IMPHCO1,1990,HCO]
      0.5873856828125      V_FlowOut[2000,inter,day,ethos,IMPHYD,1990,HYD]
      0.0914486921529175   V_FlowOut[2000,inter,night,DSL,RHO,1980,RH]
      1.32910261569416     V_FlowOut[2000,inter,night,DSL,RHO,1990,RH]
      0.01666              V_FlowOut[2000,inter,night,DSL,TXD,1980,TX]
      0.129948             V_FlowOut[2000,inter,night,DSL,TXD,2000,TX]
      0.847448692152917    V_FlowOut[2000,inter,night,ELC,RHE,2000,RH]
      0.42                 V_FlowOut[2000,inter,night,ELC,RL1,2000,RL]
      0.12495              V_FlowOut[2000,inter,night,GSL,TXG,1980,TX]
      0.378182             V_FlowOut[2000,inter,night,GSL,TXG,2000,TX]
      0.36781948           V_FlowOut[2000,inter,night,HCO,E01,1970,ELC]
      0.31527384           V_FlowOut[2000,inter,night,HCO,E01,1980,ELC]
      0.644214539809355    V_FlowOut[2000,inter,night,HCO,E01,2000,ELC]
      0.072250255          V_FlowOut[2000,inter,night,HYD,E31,1980,ELC]
      0.0216750765         V_FlowOut[2000,inter,night,HYD,E31,1990,ELC]
      2.66402567787678     V_FlowOut[2000,inter,night,ethos,IMPDSL1,1990,DSL]
      2.17806060606061     V_FlowOut[2000,inter,night,ethos,IMPGSL1,1990,GSL]
      4.14783706190423     V_FlowOut[2000,inter,night,ethos,IMPHCO1,1990,HCO]
      0.2935166609375      V_FlowOut[2000,inter,night,ethos,IMPHYD,1990,HYD]
      0.03334              V_FlowOut[2000,summer,day,DSL,TXD,1980,TX]
      0.260052             V_FlowOut[2000,summer,day,DSL,TXD,2000,TX]
      0.110994017893381    V_FlowOut[2000,summer,day,ELC,E51,1980,ELC]
      1.26                 V_FlowOut[2000,summer,day,ELC,RL1,2000,RL]
      0.25005              V_FlowOut[2000,summer,day,GSL,TXG,1980,TX]
      0.756818             V_FlowOut[2000,summer,day,GSL,TXG,2000,TX]
      0.330116403606619    V_FlowOut[2000,summer,day,HCO,E01,1970,ELC]
      0.63092616           V_FlowOut[2000,summer,day,HCO,E01,1980,ELC]
      0.144587245          V_FlowOut[2000,summer,day,HYD,E31,1980,ELC]
      0.0433761735         V_FlowOut[2000,summer,day,HYD,E31,1990,ELC]
      1.27009523809524     V_FlowOut[2000,summer,day,ethos,IMPDSL1,1990,DSL]
      4.35873593073593     V_FlowOut[2000,summer,day,ethos,IMPGSL1,1990,GSL]
      3.00325801127068     V_FlowOut[2000,summer,day,ethos,IMPHCO1,1990,HCO]
      0.5873856828125      V_FlowOut[2000,summer,day,ethos,IMPHYD,1990,HYD]
      0.01666              V_FlowOut[2000,summer,night,DSL,TXD,1980,TX]
      0.129948             V_FlowOut[2000,summer,night,DSL,TXD,2000,TX]
      0.42                 V_FlowOut[2000,summer,night,ELC,RL1,2000,RL]
      0.12495              V_FlowOut[2000,summer,night,GSL,TXG,1980,TX]
      0.378182             V_FlowOut[2000,summer,night,GSL,TXG,2000,TX]
      0.164959186685251    V_FlowOut[2000,summer,night,HCO,E01,1970,ELC]
      0.31527384           V_FlowOut[2000,summer,night,HCO,E01,1980,ELC]
      0.072250255          V_FlowOut[2000,summer,night,HYD,E31,1980,ELC]
      0.0216750765         V_FlowOut[2000,summer,night,HYD,E31,1990,ELC]
      0.634666666666667    V_FlowOut[2000,summer,night,ethos,IMPDSL1,1990,DSL]
      2.17806060606061     V_FlowOut[2000,summer,night,ethos,IMPGSL1,1990,GSL]
      1.50072820839141     V_FlowOut[2000,summer,night,ethos,IMPHCO1,1990,HCO]
      0.2935166609375      V_FlowOut[2000,summer,night,ethos,IMPHYD,1990,HYD]
      0.83325              V_FlowOut[2000,winter,day,DSL,RHO,1980,RH]
     12.11034              V_FlowOut[2000,winter,day,DSL,RHO,1990,RH]
      0.06666              V_FlowOut[2000,winter,day,DSL,TXD,1980,TX]
      0.519948             V_FlowOut[2000,winter,day,DSL,TXD,2000,TX]
      0.668326435197467    V_FlowOut[2000,winter,day,ELC,E51,1980,ELC]
      7.72167              V_FlowOut[2000,winter,day,ELC,RHE,2000,RH]
      4.2                  V_FlowOut[2000,winter,day,ELC,RL1,2000,RL]
      0.49995              V_FlowOut[2000,winter,day,GSL,TXG,1980,TX]
      1.513182             V_FlowOut[2000,winter,day,GSL,TXG,2000,TX]
      1.47171948           V_FlowOut[2000,winter,day,HCO,E01,1970,ELC]
      1.26147384           V_FlowOut[2000,winter,day,HCO,E01,1980,ELC]
      8.14433616330253     V_FlowOut[2000,winter,day,HCO,E01,2000,ELC]
      0.289087755          V_FlowOut[2000,winter,day,HYD,E31,1980,ELC]
      0.0867263265         V_FlowOut[2000,winter,day,HYD,E31,1990,ELC]
     21.0302714285714      V_FlowOut[2000,winter,day,ethos,IMPDSL1,1990,DSL]
      8.71485714285714     V_FlowOut[2000,winter,day,ethos,IMPGSL1,1990,GSL]
     33.9922796353204      V_FlowOut[2000,winter,day,ethos,IMPHCO1,1990,HCO]
      1.1744190046875      V_FlowOut[2000,winter,day,ethos,IMPHYD,1990,HYD]
      0.416548792756539    V_FlowOut[2000,winter,night,DSL,RHO,1980,RH]
      6.05406241448692     V_FlowOut[2000,winter,night,DSL,RHO,1990,RH]
      0.03334              V_FlowOut[2000,winter,night,DSL,TXD,1980,TX]
      0.260052             V_FlowOut[2000,winter,night,DSL,TXD,2000,TX]
      3.86012879275654     V_FlowOut[2000,winter,night,ELC,RHE,2000,RH]
      0.84                 V_FlowOut[2000,winter,night,ELC,RL1,2000,RL]
      0.25005              V_FlowOut[2000,winter,night,GSL,TXG,1980,TX]
      0.756818             V_FlowOut[2000,winter,night,GSL,TXG,2000,TX]
      0.73608052           V_FlowOut[2000,winter,night,HCO,E01,1970,ELC]
      0.63092616           V_FlowOut[2000,winter,night,HCO,E01,1980,ELC]
      4.07338985425302     V_FlowOut[2000,winter,night,HCO,E01,2000,ELC]
      0.144587245          V_FlowOut[2000,winter,night,HYD,E31,1980,ELC]
      0.0433761735         V_FlowOut[2000,winter,night,HYD,E31,1990,ELC]
     10.5138255341573      V_FlowOut[2000,winter,night,ethos,IMPDSL1,1990,DSL]
      4.35873593073593     V_FlowOut[2000,winter,night,ethos,IMPGSL1,1990,GSL]
     17.0012391695407      V_FlowOut[2000,winter,night,ethos,IMPHCO1,1990,HCO]
      0.5873856828125      V_FlowOut[2000,winter,night,ethos,IMPHYD,1990,HYD]
      2.65820523138833     V_FlowOut[2010,inter,day,DSL,RHO,1990,RH]
      2.45089738430583     V_FlowOut[2010,inter,day,DSL,RHO,2010,RH]
      0.130026             V_FlowOut[2010,inter,day,DSL,TXD,2000,TX]
      0.663466             V_FlowOut[2010,inter,day,DSL,TXD,2010,TX]
      0.166221848339326    V_FlowOut[2010,inter,day,ELC,E51,1980,ELC]
      1.69489738430583     V_FlowOut[2010,inter,day,ELC,RHE,2000,RH]
      1.89                 V_FlowOut[2010,inter,day,ELC,RL1,2010,RL]
      0.378409             V_FlowOut[2010,inter,day,GSL,TXG,2000,TX]
      0.776822             V_FlowOut[2010,inter,day,GSL,TXG,2010,TX]
      0.63092616           V_FlowOut[2010,inter,day,HCO,E01,1980,ELC]
      0.926032959373446    V_FlowOut[2010,inter,day,HCO,E01,2000,ELC]
      1.67375299809306     V_FlowOut[2010,inter,day,HCO,E01,2010,ELC]
      0.144587245          V_FlowOut[2010,inter,day,HYD,E31,1980,ELC]
      0.0433761735         V_FlowOut[2010,inter,day,HYD,E31,1990,ELC]
     10.7337483254505      V_FlowOut[2010,inter,day,ethos,IMPDSL1,1990,DSL]
      5.001                V_FlowOut[2010,inter,day,ethos,IMPGSL1,1990,GSL]
     10.0959753670828      V_FlowOut[2010,inter,day,ethos,IMPHCO1,1990,HCO]
      0.5873856828125      V_FlowOut[2010,inter,day,ethos,IMPHYD,1990,HYD]
      1.32910261569416     V_FlowOut[2010,inter,night,DSL,RHO,1990,RH]
      1.22544869215292     V_FlowOut[2010,inter,night,DSL,RHO,2010,RH]
      0.064974             V_FlowOut[2010,inter,night,DSL,TXD,2000,TX]
      0.331534             V_FlowOut[2010,inter,night,DSL,TXD,2010,TX]
      0.847448692152917    V_FlowOut[2010,inter,night,ELC,RHE,2000,RH]
      0.63                 V_FlowOut[2010,inter,night,ELC,RL1,2010,RL]
      0.189091             V_FlowOut[2010,inter,night,GSL,TXG,2000,TX]
      0.388178             V_FlowOut[2010,inter,night,GSL,TXG,2010,TX]
      0.31527384           V_FlowOut[2010,inter,night,HCO,E01,1980,ELC]
      0.462738725349778    V_FlowOut[2010,inter,night,HCO,E01,2000,ELC]
      0.836374473552202    V_FlowOut[2010,inter,night,HCO,E01,2010,ELC]
      0.072250255          V_FlowOut[2010,inter,night,HYD,E31,1980,ELC]
      0.0216750765         V_FlowOut[2010,inter,night,HYD,E31,1990,ELC]
      5.36584385969497     V_FlowOut[2010,inter,night,ethos,IMPDSL1,1990,DSL]
      2.499                V_FlowOut[2010,inter,night,ethos,IMPGSL1,1990,GSL]
      5.04495949656869     V_FlowOut[2010,inter,night,ethos,IMPHCO1,1990,HCO]
      0.2935166609375      V_FlowOut[2010,inter,night,ethos,IMPHYD,1990,HYD]
      0.130026             V_FlowOut[2010,summer,day,DSL,TXD,2000,TX]
      0.663466             V_FlowOut[2010,summer,day,DSL,TXD,2010,TX]
      0.166491026840071    V_FlowOut[2010,summer,day,ELC,E51,1980,ELC]
      1.89                 V_FlowOut[2010,summer,day,ELC,RL1,2010,RL]
      0.378409             V_FlowOut[2010,summer,day,GSL,TXG,2000,TX]
      0.776822             V_FlowOut[2010,summer,day,GSL,TXG,2010,TX]
      0.63092616           V_FlowOut[2010,summer,day,HCO,E01,1980,ELC]
      0.904619394659929    V_FlowOut[2010,summer,day,HCO,E01,2010,ELC]
      0.144587245          V_FlowOut[2010,summer,day,HYD,E31,1980,ELC]
      0.0433761735         V_FlowOut[2010,summer,day,HYD,E31,1990,ELC]
      3.4350303030303      V_FlowOut[2010,summer,day,ethos,IMPDSL1,1990,DSL]
      5.001                V_FlowOut[2010,summer,day,ethos,IMPGSL1,1990,GSL]
      4.79857985831228     V_FlowOut[2010,summer,day,ethos,IMPHCO1,1990,HCO]
      0.5873856828125      V_FlowOut[2010,summer,day,ethos,IMPHYD,1990,HYD]
      0.064974             V_FlowOut[2010,summer,night,DSL,TXD,2000,TX]
      0.331534             V_FlowOut[2010,summer,night,DSL,TXD,2010,TX]
      0.63                 V_FlowOut[2010,summer,night,ELC,RL1,2010,RL]
      0.189091             V_FlowOut[2010,summer,night,GSL,TXG,2000,TX]
      0.388178             V_FlowOut[2010,summer,night,GSL,TXG,2010,TX]
      0.31527384           V_FlowOut[2010,summer,night,HCO,E01,1980,ELC]
      0.452038365777877    V_FlowOut[2010,summer,night,HCO,E01,2010,ELC]
      0.072250255          V_FlowOut[2010,summer,night,HYD,E31,1980,ELC]
      0.0216750765         V_FlowOut[2010,summer,night,HYD,E31,1990,ELC]
      1.71648484848485     V_FlowOut[2010,summer,night,ethos,IMPDSL1,1990,DSL]
      2.499                V_FlowOut[2010,summer,night,ethos,IMPGSL1,1990,GSL]
      2.39785064305586     V_FlowOut[2010,summer,night,ethos,IMPHCO1,1990,HCO]
      0.2935166609375      V_FlowOut[2010,summer,night,ethos,IMPHYD,1990,HYD]
     12.11034              V_FlowOut[2010,winter,day,DSL,RHO,1990,RH]
     11.16588              V_FlowOut[2010,winter,day,DSL,RHO,2010,RH]
      0.259974             V_FlowOut[2010,winter,day,DSL,TXD,2000,TX]
      1.326534             V_FlowOut[2010,winter,day,DSL,TXD,2010,TX]
      0.89354397           V_FlowOut[2010,winter,day,ELC,E51,1980,ELC]
      7.72167              V_FlowOut[2010,winter,day,ELC,RHE,2000,RH]
      6.3                  V_FlowOut[2010,winter,day,ELC,RL1,2010,RL]
      0.756591             V_FlowOut[2010,winter,day,GSL,TXG,2000,TX]
      1.553178             V_FlowOut[2010,winter,day,GSL,TXG,2010,TX]
      1.26147384           V_FlowOut[2010,winter,day,HCO,E01,1980,ELC]
      8.14433616330253     V_FlowOut[2010,winter,day,HCO,E01,2000,ELC]
      3.34650194519747     V_FlowOut[2010,winter,day,HCO,E01,2010,ELC]
      0.289087755          V_FlowOut[2010,winter,day,HYD,E31,1980,ELC]
      0.0867263265         V_FlowOut[2010,winter,day,HYD,E31,1990,ELC]
     40.1197428571428      V_FlowOut[2010,winter,day,ethos,IMPDSL1,1990,DSL]
      9.999                V_FlowOut[2010,winter,day,ethos,IMPGSL1,1990,GSL]
     39.8509748390625      V_FlowOut[2010,winter,day,ethos,IMPHCO1,1990,HCO]
      1.1744190046875      V_FlowOut[2010,winter,day,ethos,IMPHYD,1990,HYD]
      6.05406241448692     V_FlowOut[2010,winter,night,DSL,RHO,1990,RH]
      5.58191879275654     V_FlowOut[2010,winter,night,DSL,RHO,2010,RH]
      0.130026             V_FlowOut[2010,winter,night,DSL,TXD,2000,TX]
      0.663466             V_FlowOut[2010,winter,night,DSL,TXD,2010,TX]
      3.86012879275654     V_FlowOut[2010,winter,night,ELC,RHE,2000,RH]
      1.26                 V_FlowOut[2010,winter,night,ELC,RL1,2010,RL]
      0.378409             V_FlowOut[2010,winter,night,GSL,TXG,2000,TX]
      0.776822             V_FlowOut[2010,winter,night,GSL,TXG,2010,TX]
      0.63092616           V_FlowOut[2010,winter,night,HCO,E01,1980,ELC]
      4.07338985425302     V_FlowOut[2010,winter,night,HCO,E01,2000,ELC]
      1.67375299809306     V_FlowOut[2010,winter,night,HCO,E01,2010,ELC]
      0.144587245          V_FlowOut[2010,winter,night,HYD,E31,1980,ELC]
      0.0433761735         V_FlowOut[2010,winter,night,HYD,E31,1990,ELC]
     20.0578605990924      V_FlowOut[2010,winter,night,ethos,IMPDSL1,1990,DSL]
      5.001                V_FlowOut[2010,winter,night,ethos,IMPGSL1,1990,GSL]
     19.9314656635815      V_FlowOut[2010,winter,night,ethos,IMPHCO1,1990,HCO]
      0.5873856828125      V_FlowOut[2010,winter,night,ethos,IMPHYD,1990,HYD]

Selected Coopr solver plugin does not give constraint data.


If you use these results for a published article, please run Temoa with the '--how_to_cite' command line argument for citation information.
